{"C:\\Users\\HEllo\\Desktop\\PM2\\services\\scheduler-service\\src\\app.js": {"path":"C:\\Users\\HEllo\\Desktop\\PM2\\services\\scheduler-service\\src\\app.js","statementMap":{"0":{"start":{"line":7,"column":16},"end":{"line":7,"column":34}},"1":{"start":{"line":8,"column":18},"end":{"line":8,"column":47}},"2":{"start":{"line":9,"column":15},"end":{"line":9,"column":41}},"3":{"start":{"line":10,"column":27},"end":{"line":10,"column":65}},"4":{"start":{"line":11,"column":21},"end":{"line":11,"column":57}},"5":{"start":{"line":12,"column":54},"end":{"line":12,"column":88}},"6":{"start":{"line":14,"column":12},"end":{"line":14,"column":21}},"7":{"start":{"line":16,"column":0},"end":{"line":16,"column":24}},"8":{"start":{"line":17,"column":0},"end":{"line":17,"column":27}},"9":{"start":{"line":18,"column":0},"end":{"line":18,"column":24}},"10":{"start":{"line":19,"column":0},"end":{"line":26,"column":3}},"11":{"start":{"line":20,"column":2},"end":{"line":23,"column":5}},"12":{"start":{"line":24,"column":2},"end":{"line":24,"column":55}},"13":{"start":{"line":25,"column":2},"end":{"line":25,"column":9}},"14":{"start":{"line":27,"column":0},"end":{"line":27,"column":24}},"15":{"start":{"line":28,"column":0},"end":{"line":28,"column":24}},"16":{"start":{"line":30,"column":0},"end":{"line":32,"column":3}},"17":{"start":{"line":31,"column":2},"end":{"line":31,"column":41}},"18":{"start":{"line":35,"column":0},"end":{"line":35,"column":22}},"19":{"start":{"line":37,"column":0},"end":{"line":37,"column":21}}},"fnMap":{"0":{"name":"(anonymous_0)","decl":{"start":{"line":19,"column":8},"end":{"line":19,"column":9}},"loc":{"start":{"line":19,"column":28},"end":{"line":26,"column":1}},"line":19},"1":{"name":"(anonymous_1)","decl":{"start":{"line":30,"column":19},"end":{"line":30,"column":20}},"loc":{"start":{"line":30,"column":33},"end":{"line":32,"column":1}},"line":30}},"branchMap":{},"s":{"0":1,"1":1,"2":1,"3":1,"4":1,"5":1,"6":1,"7":1,"8":1,"9":1,"10":1,"11":5,"12":5,"13":5,"14":1,"15":1,"16":1,"17":0,"18":1,"19":1},"f":{"0":5,"1":0},"b":{},"_coverageSchema":"1a1c01bbd47fc00a2c39e90264f33305004495a9","hash":"c22c8a8b0eb84a6a0881103ad112efe31779c63d"}
,"C:\\Users\\HEllo\\Desktop\\PM2\\services\\scheduler-service\\src\\swagger.js": {"path":"C:\\Users\\HEllo\\Desktop\\PM2\\services\\scheduler-service\\src\\swagger.js","statementMap":{"0":{"start":{"line":1,"column":0},"end":{"line":51,"column":2}}},"fnMap":{},"branchMap":{},"s":{"0":1},"f":{},"b":{},"_coverageSchema":"1a1c01bbd47fc00a2c39e90264f33305004495a9","hash":"2445c667f6fda4f04761c20e4e183e22b8486fc6"}
,"C:\\Users\\HEllo\\Desktop\\PM2\\services\\scheduler-service\\src\\config\\config.js": {"path":"C:\\Users\\HEllo\\Desktop\\PM2\\services\\scheduler-service\\src\\config\\config.js","statementMap":{"0":{"start":{"line":1,"column":0},"end":{"line":1,"column":27}},"1":{"start":{"line":3,"column":0},"end":{"line":15,"column":2}}},"fnMap":{},"branchMap":{"0":{"loc":{"start":{"line":4,"column":15},"end":{"line":4,"column":62}},"type":"binary-expr","locations":[{"start":{"line":4,"column":15},"end":{"line":4,"column":39}},{"start":{"line":4,"column":43},"end":{"line":4,"column":62}}],"line":4},"1":{"loc":{"start":{"line":5,"column":8},"end":{"line":5,"column":32}},"type":"binary-expr","locations":[{"start":{"line":5,"column":8},"end":{"line":5,"column":24}},{"start":{"line":5,"column":28},"end":{"line":5,"column":32}}],"line":5},"2":{"loc":{"start":{"line":6,"column":12},"end":{"line":6,"column":77}},"type":"binary-expr","locations":[{"start":{"line":6,"column":12},"end":{"line":6,"column":33}},{"start":{"line":6,"column":37},"end":{"line":6,"column":77}}],"line":6},"3":{"loc":{"start":{"line":7,"column":16},"end":{"line":7,"column":61}},"type":"binary-expr","locations":[{"start":{"line":7,"column":16},"end":{"line":7,"column":41}},{"start":{"line":7,"column":45},"end":{"line":7,"column":61}}],"line":7},"4":{"loc":{"start":{"line":8,"column":15},"end":{"line":8,"column":80}},"type":"cond-expr","locations":[{"start":{"line":8,"column":42},"end":{"line":8,"column":76}},{"start":{"line":8,"column":79},"end":{"line":8,"column":80}}],"line":8},"5":{"loc":{"start":{"line":9,"column":14},"end":{"line":9,"column":49}},"type":"binary-expr","locations":[{"start":{"line":9,"column":14},"end":{"line":9,"column":37}},{"start":{"line":9,"column":41},"end":{"line":9,"column":49}}],"line":9},"6":{"loc":{"start":{"line":10,"column":14},"end":{"line":10,"column":87}},"type":"cond-expr","locations":[{"start":{"line":10,"column":43},"end":{"line":10,"column":79}},{"start":{"line":10,"column":82},"end":{"line":10,"column":87}}],"line":10},"7":{"loc":{"start":{"line":12,"column":14},"end":{"line":12,"column":64}},"type":"binary-expr","locations":[{"start":{"line":12,"column":14},"end":{"line":12,"column":41}},{"start":{"line":12,"column":45},"end":{"line":12,"column":64}}],"line":12},"8":{"loc":{"start":{"line":13,"column":14},"end":{"line":13,"column":58}},"type":"binary-expr","locations":[{"start":{"line":13,"column":14},"end":{"line":13,"column":38}},{"start":{"line":13,"column":42},"end":{"line":13,"column":58}}],"line":13}},"s":{"0":1,"1":1},"f":{},"b":{"0":[1,1],"1":[1,1],"2":[1,1],"3":[1,1],"4":[0,1],"5":[1,1],"6":[0,1],"7":[1,1],"8":[1,1]},"_coverageSchema":"1a1c01bbd47fc00a2c39e90264f33305004495a9","hash":"e5aa148d9a5a0a1c5e4c5f9c4b41882347a75dab"}
,"C:\\Users\\HEllo\\Desktop\\PM2\\services\\scheduler-service\\src\\config\\db.js": {"path":"C:\\Users\\HEllo\\Desktop\\PM2\\services\\scheduler-service\\src\\config\\db.js","statementMap":{"0":{"start":{"line":1,"column":17},"end":{"line":1,"column":36}},"1":{"start":{"line":2,"column":15},"end":{"line":2,"column":34}},"2":{"start":{"line":3,"column":15},"end":{"line":3,"column":34}},"3":{"start":{"line":5,"column":18},"end":{"line":22,"column":1}},"4":{"start":{"line":6,"column":2},"end":{"line":21,"column":3}},"5":{"start":{"line":7,"column":4},"end":{"line":20,"column":5}},"6":{"start":{"line":8,"column":6},"end":{"line":8,"column":46}},"7":{"start":{"line":9,"column":6},"end":{"line":9,"column":69}},"8":{"start":{"line":10,"column":6},"end":{"line":10,"column":12}},"9":{"start":{"line":12,"column":6},"end":{"line":12,"column":75}},"10":{"start":{"line":13,"column":6},"end":{"line":13,"column":19}},"11":{"start":{"line":14,"column":6},"end":{"line":14,"column":76}},"12":{"start":{"line":15,"column":6},"end":{"line":18,"column":7}},"13":{"start":{"line":16,"column":8},"end":{"line":16,"column":55}},"14":{"start":{"line":17,"column":8},"end":{"line":17,"column":24}},"15":{"start":{"line":19,"column":6},"end":{"line":19,"column":54}},"16":{"start":{"line":19,"column":31},"end":{"line":19,"column":52}},"17":{"start":{"line":24,"column":0},"end":{"line":24,"column":27}}},"fnMap":{"0":{"name":"(anonymous_0)","decl":{"start":{"line":5,"column":18},"end":{"line":5,"column":19}},"loc":{"start":{"line":5,"column":41},"end":{"line":22,"column":1}},"line":5},"1":{"name":"(anonymous_1)","decl":{"start":{"line":19,"column":24},"end":{"line":19,"column":25}},"loc":{"start":{"line":19,"column":31},"end":{"line":19,"column":52}},"line":19}},"branchMap":{"0":{"loc":{"start":{"line":5,"column":25},"end":{"line":5,"column":36}},"type":"default-arg","locations":[{"start":{"line":5,"column":35},"end":{"line":5,"column":36}}],"line":5},"1":{"loc":{"start":{"line":15,"column":6},"end":{"line":18,"column":7}},"type":"if","locations":[{"start":{"line":15,"column":6},"end":{"line":18,"column":7}},{"start":{},"end":{}}],"line":15}},"s":{"0":0,"1":0,"2":0,"3":0,"4":0,"5":0,"6":0,"7":0,"8":0,"9":0,"10":0,"11":0,"12":0,"13":0,"14":0,"15":0,"16":0,"17":0},"f":{"0":0,"1":0},"b":{"0":[0],"1":[0,0]}}
,"C:\\Users\\HEllo\\Desktop\\PM2\\services\\scheduler-service\\src\\config\\kafka.js": {"path":"C:\\Users\\HEllo\\Desktop\\PM2\\services\\scheduler-service\\src\\config\\kafka.js","statementMap":{"0":{"start":{"line":1,"column":18},"end":{"line":1,"column":36}},"1":{"start":{"line":2,"column":15},"end":{"line":2,"column":34}},"2":{"start":{"line":4,"column":14},"end":{"line":7,"column":2}},"3":{"start":{"line":9,"column":0},"end":{"line":9,"column":23}}},"fnMap":{},"branchMap":{},"s":{"0":0,"1":0,"2":0,"3":0},"f":{},"b":{}}
,"C:\\Users\\HEllo\\Desktop\\PM2\\services\\scheduler-service\\src\\config\\logger.js": {"path":"C:\\Users\\HEllo\\Desktop\\PM2\\services\\scheduler-service\\src\\config\\logger.js","statementMap":{"0":{"start":{"line":1,"column":25},"end":{"line":1,"column":64}},"1":{"start":{"line":2,"column":15},"end":{"line":2,"column":34}},"2":{"start":{"line":5,"column":16},"end":{"line":12,"column":3}},"3":{"start":{"line":14,"column":2},"end":{"line":14,"column":53}},"4":{"start":{"line":17,"column":0},"end":{"line":27,"column":2}},"5":{"start":{"line":19,"column":4},"end":{"line":19,"column":35}},"6":{"start":{"line":22,"column":4},"end":{"line":22,"column":35}},"7":{"start":{"line":25,"column":4},"end":{"line":25,"column":36}}},"fnMap":{"0":{"name":"log","decl":{"start":{"line":4,"column":9},"end":{"line":4,"column":12}},"loc":{"start":{"line":4,"column":44},"end":{"line":15,"column":1}},"line":4},"1":{"name":"(anonymous_1)","decl":{"start":{"line":18,"column":2},"end":{"line":18,"column":3}},"loc":{"start":{"line":18,"column":26},"end":{"line":20,"column":3}},"line":18},"2":{"name":"(anonymous_2)","decl":{"start":{"line":21,"column":2},"end":{"line":21,"column":3}},"loc":{"start":{"line":21,"column":26},"end":{"line":23,"column":3}},"line":21},"3":{"name":"(anonymous_3)","decl":{"start":{"line":24,"column":2},"end":{"line":24,"column":3}},"loc":{"start":{"line":24,"column":27},"end":{"line":26,"column":3}},"line":24}},"branchMap":{"0":{"loc":{"start":{"line":4,"column":29},"end":{"line":4,"column":42}},"type":"default-arg","locations":[{"start":{"line":4,"column":40},"end":{"line":4,"column":42}}],"line":4},"1":{"loc":{"start":{"line":8,"column":16},"end":{"line":8,"column":65}},"type":"binary-expr","locations":[{"start":{"line":8,"column":16},"end":{"line":8,"column":35}},{"start":{"line":8,"column":39},"end":{"line":8,"column":53}},{"start":{"line":8,"column":57},"end":{"line":8,"column":65}}],"line":8}},"s":{"0":1,"1":1,"2":5,"3":5,"4":1,"5":5,"6":0,"7":0},"f":{"0":5,"1":5,"2":0,"3":0},"b":{"0":[0],"1":[5,5,0]},"_coverageSchema":"1a1c01bbd47fc00a2c39e90264f33305004495a9","hash":"abd69bb14a30622fcb6e8fcb01e3c84fffcb660b"}
,"C:\\Users\\HEllo\\Desktop\\PM2\\services\\scheduler-service\\src\\controllers\\jobController.js": {"path":"C:\\Users\\HEllo\\Desktop\\PM2\\services\\scheduler-service\\src\\controllers\\jobController.js","statementMap":{"0":{"start":{"line":3,"column":25},"end":{"line":3,"column":64}},"1":{"start":{"line":6,"column":21},"end":{"line":19,"column":1}},"2":{"start":{"line":7,"column":2},"end":{"line":18,"column":3}},"3":{"start":{"line":8,"column":42},"end":{"line":8,"column":50}},"4":{"start":{"line":10,"column":4},"end":{"line":12,"column":5}},"5":{"start":{"line":11,"column":6},"end":{"line":11,"column":99}},"6":{"start":{"line":14,"column":16},"end":{"line":14,"column":79}},"7":{"start":{"line":15,"column":4},"end":{"line":15,"column":86}},"8":{"start":{"line":17,"column":4},"end":{"line":17,"column":16}},"9":{"start":{"line":23,"column":23},"end":{"line":36,"column":1}},"10":{"start":{"line":24,"column":2},"end":{"line":35,"column":3}},"11":{"start":{"line":25,"column":22},"end":{"line":25,"column":30}},"12":{"start":{"line":26,"column":4},"end":{"line":28,"column":5}},"13":{"start":{"line":27,"column":6},"end":{"line":27,"column":84}},"14":{"start":{"line":30,"column":16},"end":{"line":30,"column":60}},"15":{"start":{"line":32,"column":4},"end":{"line":32,"column":94}},"16":{"start":{"line":34,"column":4},"end":{"line":34,"column":16}},"17":{"start":{"line":40,"column":19},"end":{"line":47,"column":1}},"18":{"start":{"line":41,"column":2},"end":{"line":46,"column":3}},"19":{"start":{"line":42,"column":17},"end":{"line":42,"column":52}},"20":{"start":{"line":43,"column":4},"end":{"line":43,"column":76}},"21":{"start":{"line":45,"column":4},"end":{"line":45,"column":16}},"22":{"start":{"line":49,"column":0},"end":{"line":49,"column":62}}},"fnMap":{"0":{"name":"(anonymous_0)","decl":{"start":{"line":6,"column":21},"end":{"line":6,"column":22}},"loc":{"start":{"line":6,"column":47},"end":{"line":19,"column":1}},"line":6},"1":{"name":"(anonymous_1)","decl":{"start":{"line":23,"column":23},"end":{"line":23,"column":24}},"loc":{"start":{"line":23,"column":49},"end":{"line":36,"column":1}},"line":23},"2":{"name":"(anonymous_2)","decl":{"start":{"line":40,"column":19},"end":{"line":40,"column":20}},"loc":{"start":{"line":40,"column":45},"end":{"line":47,"column":1}},"line":40}},"branchMap":{"0":{"loc":{"start":{"line":10,"column":4},"end":{"line":12,"column":5}},"type":"if","locations":[{"start":{"line":10,"column":4},"end":{"line":12,"column":5}},{"start":{},"end":{}}],"line":10},"1":{"loc":{"start":{"line":10,"column":8},"end":{"line":10,"column":28}},"type":"binary-expr","locations":[{"start":{"line":10,"column":8},"end":{"line":10,"column":16}},{"start":{"line":10,"column":20},"end":{"line":10,"column":28}}],"line":10},"2":{"loc":{"start":{"line":26,"column":4},"end":{"line":28,"column":5}},"type":"if","locations":[{"start":{"line":26,"column":4},"end":{"line":28,"column":5}},{"start":{},"end":{}}],"line":26}},"s":{"0":2,"1":2,"2":4,"3":4,"4":4,"5":2,"6":2,"7":2,"8":0,"9":2,"10":2,"11":2,"12":2,"13":1,"14":1,"15":1,"16":0,"17":2,"18":1,"19":1,"20":1,"21":0,"22":2},"f":{"0":4,"1":2,"2":1},"b":{"0":[2,2],"1":[4,2],"2":[1,1]},"_coverageSchema":"1a1c01bbd47fc00a2c39e90264f33305004495a9","hash":"a907aadde68161e23dfed8907f00d58463527817"}
,"C:\\Users\\HEllo\\Desktop\\PM2\\services\\scheduler-service\\src\\jobs\\jobExecutor.js": {"path":"C:\\Users\\HEllo\\Desktop\\PM2\\services\\scheduler-service\\src\\jobs\\jobExecutor.js","statementMap":{"0":{"start":{"line":1,"column":26},"end":{"line":1,"column":63}},"1":{"start":{"line":2,"column":15},"end":{"line":2,"column":42}},"2":{"start":{"line":6,"column":4},"end":{"line":6,"column":91}},"3":{"start":{"line":8,"column":4},"end":{"line":26,"column":5}},"4":{"start":{"line":10,"column":24},"end":{"line":10,"column":83}},"5":{"start":{"line":12,"column":6},"end":{"line":14,"column":7}},"6":{"start":{"line":13,"column":8},"end":{"line":13,"column":56}},"7":{"start":{"line":17,"column":6},"end":{"line":19,"column":7}},"8":{"start":{"line":18,"column":8},"end":{"line":18,"column":76}},"9":{"start":{"line":21,"column":6},"end":{"line":21,"column":23}},"10":{"start":{"line":24,"column":6},"end":{"line":24,"column":70}},"11":{"start":{"line":25,"column":6},"end":{"line":25,"column":18}},"12":{"start":{"line":30,"column":0},"end":{"line":30,"column":35}}},"fnMap":{"0":{"name":"(anonymous_0)","decl":{"start":{"line":5,"column":2},"end":{"line":5,"column":3}},"loc":{"start":{"line":5,"column":21},"end":{"line":27,"column":3}},"line":5}},"branchMap":{"0":{"loc":{"start":{"line":12,"column":6},"end":{"line":14,"column":7}},"type":"if","locations":[{"start":{"line":12,"column":6},"end":{"line":14,"column":7}},{"start":{},"end":{}}],"line":12},"1":{"loc":{"start":{"line":17,"column":6},"end":{"line":19,"column":7}},"type":"if","locations":[{"start":{"line":17,"column":6},"end":{"line":19,"column":7}},{"start":{},"end":{}}],"line":17},"2":{"loc":{"start":{"line":17,"column":10},"end":{"line":17,"column":64}},"type":"binary-expr","locations":[{"start":{"line":17,"column":10},"end":{"line":17,"column":41}},{"start":{"line":17,"column":45},"end":{"line":17,"column":64}}],"line":17}},"s":{"0":0,"1":0,"2":0,"3":0,"4":0,"5":0,"6":0,"7":0,"8":0,"9":0,"10":0,"11":0,"12":0},"f":{"0":0},"b":{"0":[0,0],"1":[0,0],"2":[0,0]}}
,"C:\\Users\\HEllo\\Desktop\\PM2\\services\\scheduler-service\\src\\kafka\\schedulerProducer.js": {"path":"C:\\Users\\HEllo\\Desktop\\PM2\\services\\scheduler-service\\src\\kafka\\schedulerProducer.js","statementMap":{"0":{"start":{"line":2,"column":18},"end":{"line":2,"column":36}},"1":{"start":{"line":3,"column":15},"end":{"line":3,"column":42}},"2":{"start":{"line":4,"column":15},"end":{"line":4,"column":42}},"3":{"start":{"line":9,"column":18},"end":{"line":12,"column":6}},"4":{"start":{"line":13,"column":4},"end":{"line":13,"column":37}},"5":{"start":{"line":14,"column":4},"end":{"line":14,"column":29}},"6":{"start":{"line":19,"column":4},"end":{"line":25,"column":5}},"7":{"start":{"line":20,"column":6},"end":{"line":20,"column":36}},"8":{"start":{"line":21,"column":6},"end":{"line":21,"column":30}},"9":{"start":{"line":22,"column":6},"end":{"line":22,"column":82}},"10":{"start":{"line":24,"column":6},"end":{"line":24,"column":82}},"11":{"start":{"line":30,"column":4},"end":{"line":33,"column":5}},"12":{"start":{"line":31,"column":6},"end":{"line":31,"column":74}},"13":{"start":{"line":32,"column":6},"end":{"line":32,"column":27}},"14":{"start":{"line":35,"column":4},"end":{"line":54,"column":5}},"15":{"start":{"line":36,"column":6},"end":{"line":48,"column":9}},"16":{"start":{"line":49,"column":6},"end":{"line":49,"column":83}},"17":{"start":{"line":50,"column":6},"end":{"line":50,"column":18}},"18":{"start":{"line":52,"column":6},"end":{"line":52,"column":86}},"19":{"start":{"line":53,"column":6},"end":{"line":53,"column":19}},"20":{"start":{"line":58,"column":0},"end":{"line":58,"column":41}}},"fnMap":{"0":{"name":"(anonymous_0)","decl":{"start":{"line":8,"column":2},"end":{"line":8,"column":3}},"loc":{"start":{"line":8,"column":16},"end":{"line":15,"column":3}},"line":8},"1":{"name":"(anonymous_1)","decl":{"start":{"line":18,"column":2},"end":{"line":18,"column":3}},"loc":{"start":{"line":18,"column":18},"end":{"line":26,"column":3}},"line":18},"2":{"name":"(anonymous_2)","decl":{"start":{"line":29,"column":2},"end":{"line":29,"column":3}},"loc":{"start":{"line":29,"column":37},"end":{"line":55,"column":3}},"line":29}},"branchMap":{"0":{"loc":{"start":{"line":30,"column":4},"end":{"line":33,"column":5}},"type":"if","locations":[{"start":{"line":30,"column":4},"end":{"line":33,"column":5}},{"start":{},"end":{}}],"line":30}},"s":{"0":0,"1":0,"2":0,"3":0,"4":0,"5":0,"6":0,"7":0,"8":0,"9":0,"10":0,"11":0,"12":0,"13":0,"14":0,"15":0,"16":0,"17":0,"18":0,"19":0,"20":0},"f":{"0":0,"1":0,"2":0},"b":{"0":[0,0]}}
,"C:\\Users\\HEllo\\Desktop\\PM2\\services\\scheduler-service\\src\\middleware\\errorHandler.js": {"path":"C:\\Users\\HEllo\\Desktop\\PM2\\services\\scheduler-service\\src\\middleware\\errorHandler.js","statementMap":{"0":{"start":{"line":1,"column":15},"end":{"line":1,"column":42}},"1":{"start":{"line":3,"column":21},"end":{"line":14,"column":1}},"2":{"start":{"line":4,"column":2},"end":{"line":8,"column":5}},"3":{"start":{"line":10,"column":2},"end":{"line":13,"column":5}},"4":{"start":{"line":16,"column":0},"end":{"line":16,"column":30}}},"fnMap":{"0":{"name":"(anonymous_0)","decl":{"start":{"line":3,"column":21},"end":{"line":3,"column":22}},"loc":{"start":{"line":3,"column":47},"end":{"line":14,"column":1}},"line":3}},"branchMap":{"0":{"loc":{"start":{"line":10,"column":13},"end":{"line":10,"column":30}},"type":"binary-expr","locations":[{"start":{"line":10,"column":13},"end":{"line":10,"column":23}},{"start":{"line":10,"column":27},"end":{"line":10,"column":30}}],"line":10},"1":{"loc":{"start":{"line":12,"column":13},"end":{"line":12,"column":51}},"type":"binary-expr","locations":[{"start":{"line":12,"column":13},"end":{"line":12,"column":24}},{"start":{"line":12,"column":28},"end":{"line":12,"column":51}}],"line":12}},"s":{"0":1,"1":1,"2":0,"3":0,"4":1},"f":{"0":0},"b":{"0":[0,0],"1":[0,0]},"_coverageSchema":"1a1c01bbd47fc00a2c39e90264f33305004495a9","hash":"df355e9c05ab84805d96b31d8ae017c4cddb2b51"}
,"C:\\Users\\HEllo\\Desktop\\PM2\\services\\scheduler-service\\src\\middleware\\requestContext.js": {"path":"C:\\Users\\HEllo\\Desktop\\PM2\\services\\scheduler-service\\src\\middleware\\requestContext.js","statementMap":{"0":{"start":{"line":1,"column":30},"end":{"line":1,"column":52}},"1":{"start":{"line":2,"column":15},"end":{"line":2,"column":32}},"2":{"start":{"line":4,"column":16},"end":{"line":4,"column":39}},"3":{"start":{"line":7,"column":2},"end":{"line":9,"column":3}},"4":{"start":{"line":8,"column":4},"end":{"line":8,"column":31}},"5":{"start":{"line":11,"column":2},"end":{"line":11,"column":48}},"6":{"start":{"line":15,"column":20},"end":{"line":15,"column":68}},"7":{"start":{"line":17,"column":2},"end":{"line":21,"column":5}},"8":{"start":{"line":18,"column":4},"end":{"line":18,"column":30}},"9":{"start":{"line":19,"column":4},"end":{"line":19,"column":45}},"10":{"start":{"line":20,"column":4},"end":{"line":20,"column":11}},"11":{"start":{"line":25,"column":2},"end":{"line":25,"column":39}},"12":{"start":{"line":28,"column":0},"end":{"line":31,"column":2}}},"fnMap":{"0":{"name":"createRequestId","decl":{"start":{"line":6,"column":9},"end":{"line":6,"column":24}},"loc":{"start":{"line":6,"column":27},"end":{"line":12,"column":1}},"line":6},"1":{"name":"requestContext","decl":{"start":{"line":14,"column":9},"end":{"line":14,"column":23}},"loc":{"start":{"line":14,"column":40},"end":{"line":22,"column":1}},"line":14},"2":{"name":"(anonymous_2)","decl":{"start":{"line":17,"column":29},"end":{"line":17,"column":30}},"loc":{"start":{"line":17,"column":35},"end":{"line":21,"column":3}},"line":17},"3":{"name":"getRequestId","decl":{"start":{"line":24,"column":9},"end":{"line":24,"column":21}},"loc":{"start":{"line":24,"column":24},"end":{"line":26,"column":1}},"line":24}},"branchMap":{"0":{"loc":{"start":{"line":7,"column":2},"end":{"line":9,"column":3}},"type":"if","locations":[{"start":{"line":7,"column":2},"end":{"line":9,"column":3}},{"start":{},"end":{}}],"line":7},"1":{"loc":{"start":{"line":15,"column":20},"end":{"line":15,"column":68}},"type":"binary-expr","locations":[{"start":{"line":15,"column":20},"end":{"line":15,"column":47}},{"start":{"line":15,"column":51},"end":{"line":15,"column":68}}],"line":15}},"s":{"0":1,"1":1,"2":1,"3":5,"4":5,"5":0,"6":5,"7":5,"8":5,"9":5,"10":5,"11":5,"12":1},"f":{"0":5,"1":5,"2":5,"3":5},"b":{"0":[5,0],"1":[5,5]},"_coverageSchema":"1a1c01bbd47fc00a2c39e90264f33305004495a9","hash":"c66a6da9e48f9dc2e513d2c869ce9f3c30a3f200"}
,"C:\\Users\\HEllo\\Desktop\\PM2\\services\\scheduler-service\\src\\models\\jobLogModel.js": {"path":"C:\\Users\\HEllo\\Desktop\\PM2\\services\\scheduler-service\\src\\models\\jobLogModel.js","statementMap":{"0":{"start":{"line":1,"column":17},"end":{"line":1,"column":36}},"1":{"start":{"line":3,"column":21},"end":{"line":24,"column":24}},"2":{"start":{"line":26,"column":0},"end":{"line":26,"column":56}}},"fnMap":{},"branchMap":{},"s":{"0":0,"1":0,"2":0},"f":{},"b":{}}
,"C:\\Users\\HEllo\\Desktop\\PM2\\services\\scheduler-service\\src\\models\\jobModel.js": {"path":"C:\\Users\\HEllo\\Desktop\\PM2\\services\\scheduler-service\\src\\models\\jobModel.js","statementMap":{"0":{"start":{"line":1,"column":17},"end":{"line":1,"column":36}},"1":{"start":{"line":3,"column":18},"end":{"line":33,"column":24}},"2":{"start":{"line":35,"column":0},"end":{"line":35,"column":50}}},"fnMap":{},"branchMap":{},"s":{"0":0,"1":0,"2":0},"f":{},"b":{}}
,"C:\\Users\\HEllo\\Desktop\\PM2\\services\\scheduler-service\\src\\repositories\\jobRepository.js": {"path":"C:\\Users\\HEllo\\Desktop\\PM2\\services\\scheduler-service\\src\\repositories\\jobRepository.js","statementMap":{"0":{"start":{"line":1,"column":12},"end":{"line":1,"column":41}},"1":{"start":{"line":2,"column":15},"end":{"line":2,"column":47}},"2":{"start":{"line":6,"column":16},"end":{"line":6,"column":32}},"3":{"start":{"line":7,"column":4},"end":{"line":7,"column":28}},"4":{"start":{"line":11,"column":16},"end":{"line":11,"column":26}},"5":{"start":{"line":12,"column":4},"end":{"line":15,"column":7}},"6":{"start":{"line":19,"column":4},"end":{"line":19,"column":37}},"7":{"start":{"line":23,"column":4},"end":{"line":23,"column":52}},"8":{"start":{"line":27,"column":4},"end":{"line":27,"column":28}},"9":{"start":{"line":31,"column":16},"end":{"line":31,"column":35}},"10":{"start":{"line":32,"column":4},"end":{"line":32,"column":28}},"11":{"start":{"line":36,"column":0},"end":{"line":36,"column":37}}},"fnMap":{"0":{"name":"(anonymous_0)","decl":{"start":{"line":5,"column":2},"end":{"line":5,"column":3}},"loc":{"start":{"line":5,"column":27},"end":{"line":8,"column":3}},"line":5},"1":{"name":"(anonymous_1)","decl":{"start":{"line":10,"column":2},"end":{"line":10,"column":3}},"loc":{"start":{"line":10,"column":21},"end":{"line":16,"column":3}},"line":10},"2":{"name":"(anonymous_2)","decl":{"start":{"line":18,"column":2},"end":{"line":18,"column":3}},"loc":{"start":{"line":18,"column":26},"end":{"line":20,"column":3}},"line":18},"3":{"name":"(anonymous_3)","decl":{"start":{"line":22,"column":2},"end":{"line":22,"column":3}},"loc":{"start":{"line":22,"column":21},"end":{"line":24,"column":3}},"line":22},"4":{"name":"(anonymous_4)","decl":{"start":{"line":26,"column":2},"end":{"line":26,"column":3}},"loc":{"start":{"line":26,"column":23},"end":{"line":28,"column":3}},"line":26},"5":{"name":"(anonymous_5)","decl":{"start":{"line":30,"column":2},"end":{"line":30,"column":3}},"loc":{"start":{"line":30,"column":34},"end":{"line":33,"column":3}},"line":30}},"branchMap":{},"s":{"0":0,"1":0,"2":0,"3":0,"4":0,"5":0,"6":0,"7":0,"8":0,"9":0,"10":0,"11":0},"f":{"0":0,"1":0,"2":0,"3":0,"4":0,"5":0},"b":{}}
,"C:\\Users\\HEllo\\Desktop\\PM2\\services\\scheduler-service\\src\\routes\\jobRoutes.js": {"path":"C:\\Users\\HEllo\\Desktop\\PM2\\services\\scheduler-service\\src\\routes\\jobRoutes.js","statementMap":{"0":{"start":{"line":1,"column":16},"end":{"line":1,"column":34}},"1":{"start":{"line":2,"column":53},"end":{"line":2,"column":92}},"2":{"start":{"line":4,"column":15},"end":{"line":4,"column":31}},"3":{"start":{"line":6,"column":0},"end":{"line":6,"column":41}},"4":{"start":{"line":7,"column":0},"end":{"line":7,"column":40}},"5":{"start":{"line":8,"column":0},"end":{"line":8,"column":32}},"6":{"start":{"line":10,"column":0},"end":{"line":10,"column":24}}},"fnMap":{},"branchMap":{},"s":{"0":1,"1":1,"2":1,"3":1,"4":1,"5":1,"6":1},"f":{},"b":{},"_coverageSchema":"1a1c01bbd47fc00a2c39e90264f33305004495a9","hash":"d2a1db511dfc699b7b2914baf20a77eac8bd21e3"}
,"C:\\Users\\HEllo\\Desktop\\PM2\\services\\scheduler-service\\src\\routes\\platformRoutes.js": {"path":"C:\\Users\\HEllo\\Desktop\\PM2\\services\\scheduler-service\\src\\routes\\platformRoutes.js","statementMap":{"0":{"start":{"line":1,"column":16},"end":{"line":1,"column":34}},"1":{"start":{"line":2,"column":15},"end":{"line":2,"column":37}},"2":{"start":{"line":3,"column":18},"end":{"line":3,"column":47}},"3":{"start":{"line":5,"column":15},"end":{"line":5,"column":42}},"4":{"start":{"line":6,"column":24},"end":{"line":6,"column":45}},"5":{"start":{"line":8,"column":15},"end":{"line":8,"column":31}},"6":{"start":{"line":9,"column":17},"end":{"line":9,"column":38}},"7":{"start":{"line":11,"column":0},"end":{"line":14,"column":3}},"8":{"start":{"line":16,"column":26},"end":{"line":21,"column":2}},"9":{"start":{"line":24,"column":2},"end":{"line":30,"column":5}},"10":{"start":{"line":25,"column":4},"end":{"line":29,"column":7}},"11":{"start":{"line":32,"column":2},"end":{"line":32,"column":9}},"12":{"start":{"line":35,"column":0},"end":{"line":37,"column":3}},"13":{"start":{"line":36,"column":2},"end":{"line":36,"column":70}},"14":{"start":{"line":39,"column":0},"end":{"line":41,"column":3}},"15":{"start":{"line":40,"column":2},"end":{"line":40,"column":73}},"16":{"start":{"line":43,"column":0},"end":{"line":50,"column":3}},"17":{"start":{"line":44,"column":2},"end":{"line":49,"column":3}},"18":{"start":{"line":45,"column":4},"end":{"line":45,"column":50}},"19":{"start":{"line":46,"column":4},"end":{"line":46,"column":38}},"20":{"start":{"line":48,"column":4},"end":{"line":48,"column":16}},"21":{"start":{"line":52,"column":0},"end":{"line":52,"column":37}},"22":{"start":{"line":53,"column":0},"end":{"line":53,"column":54}},"23":{"start":{"line":54,"column":0},"end":{"line":54,"column":61}},"24":{"start":{"line":54,"column":38},"end":{"line":54,"column":59}},"25":{"start":{"line":56,"column":0},"end":{"line":60,"column":2}}},"fnMap":{"0":{"name":"metricsMiddleware","decl":{"start":{"line":23,"column":9},"end":{"line":23,"column":26}},"loc":{"start":{"line":23,"column":43},"end":{"line":33,"column":1}},"line":23},"1":{"name":"(anonymous_1)","decl":{"start":{"line":24,"column":19},"end":{"line":24,"column":20}},"loc":{"start":{"line":24,"column":25},"end":{"line":30,"column":3}},"line":24},"2":{"name":"(anonymous_2)","decl":{"start":{"line":35,"column":22},"end":{"line":35,"column":23}},"loc":{"start":{"line":35,"column":36},"end":{"line":37,"column":1}},"line":35},"3":{"name":"(anonymous_3)","decl":{"start":{"line":39,"column":21},"end":{"line":39,"column":22}},"loc":{"start":{"line":39,"column":35},"end":{"line":41,"column":1}},"line":39},"4":{"name":"(anonymous_4)","decl":{"start":{"line":43,"column":23},"end":{"line":43,"column":24}},"loc":{"start":{"line":43,"column":49},"end":{"line":50,"column":1}},"line":43},"5":{"name":"(anonymous_5)","decl":{"start":{"line":54,"column":24},"end":{"line":54,"column":25}},"loc":{"start":{"line":54,"column":38},"end":{"line":54,"column":59}},"line":54}},"branchMap":{"0":{"loc":{"start":{"line":27,"column":13},"end":{"line":27,"column":40}},"type":"binary-expr","locations":[{"start":{"line":27,"column":13},"end":{"line":27,"column":28}},{"start":{"line":27,"column":32},"end":{"line":27,"column":40}}],"line":27}},"s":{"0":1,"1":1,"2":1,"3":1,"4":1,"5":1,"6":1,"7":1,"8":1,"9":5,"10":5,"11":5,"12":1,"13":1,"14":1,"15":1,"16":1,"17":1,"18":1,"19":1,"20":0,"21":1,"22":1,"23":1,"24":0,"25":1},"f":{"0":5,"1":5,"2":1,"3":1,"4":1,"5":0},"b":{"0":[5,0]},"_coverageSchema":"1a1c01bbd47fc00a2c39e90264f33305004495a9","hash":"0db633b3a0477ac69080db170feb1a20219df8fb"}
,"C:\\Users\\HEllo\\Desktop\\PM2\\services\\scheduler-service\\src\\scheduler\\cronRunner.js": {"path":"C:\\Users\\HEllo\\Desktop\\PM2\\services\\scheduler-service\\src\\scheduler\\cronRunner.js","statementMap":{"0":{"start":{"line":1,"column":13},"end":{"line":1,"column":33}},"1":{"start":{"line":2,"column":15},"end":{"line":2,"column":42}},"2":{"start":{"line":3,"column":25},"end":{"line":3,"column":64}},"3":{"start":{"line":4,"column":15},"end":{"line":4,"column":42}},"4":{"start":{"line":6,"column":23},"end":{"line":14,"column":1}},"5":{"start":{"line":7,"column":2},"end":{"line":7,"column":82}},"6":{"start":{"line":9,"column":2},"end":{"line":11,"column":5}},"7":{"start":{"line":10,"column":4},"end":{"line":10,"column":42}},"8":{"start":{"line":13,"column":2},"end":{"line":13,"column":38}},"9":{"start":{"line":16,"column":0},"end":{"line":16,"column":36}}},"fnMap":{"0":{"name":"(anonymous_0)","decl":{"start":{"line":6,"column":23},"end":{"line":6,"column":24}},"loc":{"start":{"line":6,"column":29},"end":{"line":14,"column":1}},"line":6},"1":{"name":"(anonymous_1)","decl":{"start":{"line":9,"column":37},"end":{"line":9,"column":38}},"loc":{"start":{"line":9,"column":49},"end":{"line":11,"column":3}},"line":9}},"branchMap":{},"s":{"0":0,"1":0,"2":0,"3":0,"4":0,"5":0,"6":0,"7":0,"8":0,"9":0},"f":{"0":0,"1":0},"b":{}}
,"C:\\Users\\HEllo\\Desktop\\PM2\\services\\scheduler-service\\src\\services\\schedulerService.js": {"path":"C:\\Users\\HEllo\\Desktop\\PM2\\services\\scheduler-service\\src\\services\\schedulerService.js","statementMap":{"0":{"start":{"line":2,"column":22},"end":{"line":2,"column":62}},"1":{"start":{"line":4,"column":20},"end":{"line":4,"column":50}},"2":{"start":{"line":7,"column":15},"end":{"line":7,"column":42}},"3":{"start":{"line":8,"column":15},"end":{"line":8,"column":42}},"4":{"start":{"line":15,"column":19},"end":{"line":18,"column":6}},"5":{"start":{"line":19,"column":4},"end":{"line":19,"column":18}},"6":{"start":{"line":23,"column":4},"end":{"line":23,"column":44}},"7":{"start":{"line":27,"column":16},"end":{"line":27,"column":53}},"8":{"start":{"line":28,"column":4},"end":{"line":28,"column":47}},"9":{"start":{"line":28,"column":14},"end":{"line":28,"column":47}},"10":{"start":{"line":31,"column":4},"end":{"line":31,"column":110}},"11":{"start":{"line":31,"column":40},"end":{"line":31,"column":108}},"12":{"start":{"line":32,"column":4},"end":{"line":32,"column":15}},"13":{"start":{"line":36,"column":4},"end":{"line":43,"column":5}},"14":{"start":{"line":37,"column":22},"end":{"line":37,"column":54}},"15":{"start":{"line":38,"column":6},"end":{"line":40,"column":7}},"16":{"start":{"line":39,"column":8},"end":{"line":39,"column":35}},"17":{"start":{"line":42,"column":6},"end":{"line":42,"column":79}},"18":{"start":{"line":48,"column":4},"end":{"line":48,"column":26}},"19":{"start":{"line":49,"column":4},"end":{"line":49,"column":29}},"20":{"start":{"line":50,"column":4},"end":{"line":50,"column":39}},"21":{"start":{"line":52,"column":22},"end":{"line":52,"column":32}},"22":{"start":{"line":53,"column":23},"end":{"line":53,"column":32}},"23":{"start":{"line":54,"column":23},"end":{"line":54,"column":25}},"24":{"start":{"line":56,"column":4},"end":{"line":62,"column":5}},"25":{"start":{"line":58,"column":31},"end":{"line":58,"column":61}},"26":{"start":{"line":59,"column":6},"end":{"line":59,"column":76}},"27":{"start":{"line":61,"column":6},"end":{"line":61,"column":35}},"28":{"start":{"line":64,"column":20},"end":{"line":64,"column":30}},"29":{"start":{"line":67,"column":4},"end":{"line":73,"column":7}},"30":{"start":{"line":76,"column":4},"end":{"line":87,"column":5}},"31":{"start":{"line":77,"column":6},"end":{"line":77,"column":31}},"32":{"start":{"line":78,"column":6},"end":{"line":78,"column":25}},"33":{"start":{"line":80,"column":6},"end":{"line":80,"column":26}},"34":{"start":{"line":82,"column":6},"end":{"line":86,"column":7}},"35":{"start":{"line":83,"column":8},"end":{"line":83,"column":30}},"36":{"start":{"line":85,"column":8},"end":{"line":85,"column":31}},"37":{"start":{"line":89,"column":4},"end":{"line":89,"column":39}},"38":{"start":{"line":93,"column":0},"end":{"line":93,"column":40}}},"fnMap":{"0":{"name":"(anonymous_0)","decl":{"start":{"line":13,"column":2},"end":{"line":13,"column":3}},"loc":{"start":{"line":13,"column":27},"end":{"line":20,"column":3}},"line":13},"1":{"name":"(anonymous_1)","decl":{"start":{"line":22,"column":2},"end":{"line":22,"column":3}},"loc":{"start":{"line":22,"column":21},"end":{"line":24,"column":3}},"line":22},"2":{"name":"(anonymous_2)","decl":{"start":{"line":26,"column":2},"end":{"line":26,"column":3}},"loc":{"start":{"line":26,"column":30},"end":{"line":33,"column":3}},"line":26},"3":{"name":"(anonymous_3)","decl":{"start":{"line":31,"column":31},"end":{"line":31,"column":32}},"loc":{"start":{"line":31,"column":40},"end":{"line":31,"column":108}},"line":31},"4":{"name":"(anonymous_4)","decl":{"start":{"line":35,"column":2},"end":{"line":35,"column":3}},"loc":{"start":{"line":35,"column":23},"end":{"line":44,"column":3}},"line":35},"5":{"name":"(anonymous_5)","decl":{"start":{"line":46,"column":2},"end":{"line":46,"column":3}},"loc":{"start":{"line":46,"column":24},"end":{"line":90,"column":3}},"line":46}},"branchMap":{"0":{"loc":{"start":{"line":28,"column":4},"end":{"line":28,"column":47}},"type":"if","locations":[{"start":{"line":28,"column":4},"end":{"line":28,"column":47}},{"start":{},"end":{}}],"line":28},"1":{"loc":{"start":{"line":59,"column":21},"end":{"line":59,"column":75}},"type":"cond-expr","locations":[{"start":{"line":59,"column":54},"end":{"line":59,"column":63}},{"start":{"line":59,"column":66},"end":{"line":59,"column":75}}],"line":59},"2":{"loc":{"start":{"line":72,"column":20},"end":{"line":72,"column":40}},"type":"binary-expr","locations":[{"start":{"line":72,"column":20},"end":{"line":72,"column":32}},{"start":{"line":72,"column":36},"end":{"line":72,"column":40}}],"line":72},"3":{"loc":{"start":{"line":76,"column":4},"end":{"line":87,"column":5}},"type":"if","locations":[{"start":{"line":76,"column":4},"end":{"line":87,"column":5}},{"start":{"line":79,"column":11},"end":{"line":87,"column":5}}],"line":76},"4":{"loc":{"start":{"line":82,"column":6},"end":{"line":86,"column":7}},"type":"if","locations":[{"start":{"line":82,"column":6},"end":{"line":86,"column":7}},{"start":{"line":84,"column":13},"end":{"line":86,"column":7}}],"line":82}},"s":{"0":0,"1":0,"2":0,"3":0,"4":0,"5":0,"6":0,"7":0,"8":0,"9":0,"10":0,"11":0,"12":0,"13":0,"14":0,"15":0,"16":0,"17":0,"18":0,"19":0,"20":0,"21":0,"22":0,"23":0,"24":0,"25":0,"26":0,"27":0,"28":0,"29":0,"30":0,"31":0,"32":0,"33":0,"34":0,"35":0,"36":0,"37":0,"38":0},"f":{"0":0,"1":0,"2":0,"3":0,"4":0,"5":0},"b":{"0":[0,0],"1":[0,0],"2":[0,0],"3":[0,0],"4":[0,0]}}
}
